app/build/intermediates/manifest_merge_blame_file/debug/processDebugMainManifest/manifest-merger-blame-debug-report.txt
1<?xml version="1.0" encoding="utf-8"?>
2<manifest xmlns:android="http://schemas.android.com/apk/res/android"
3    package="com.smscleaner.app"
4    android:versionCode="1"
5    android:versionName="1.0" >
6
7    <uses-sdk
8        android:minSdkVersion="34"
9        android:targetSdkVersion="36" />
10
11    <uses-feature
11-->src/main/AndroidManifest.xml:5:5-7:36
12        android:name="android.hardware.telephony"
12-->src/main/AndroidManifest.xml:6:9-50
13        android:required="false" />
13-->src/main/AndroidManifest.xml:7:9-33
14
15    <uses-permission android:name="android.permission.RECEIVE_SMS" />
15-->src/main/AndroidManifest.xml:9:5-70
15-->src/main/AndroidManifest.xml:9:22-67
16    <uses-permission android:name="android.permission.SEND_SMS" />
16-->src/main/AndroidManifest.xml:10:5-67
16-->src/main/AndroidManifest.xml:10:22-64
17    <uses-permission android:name="android.permission.READ_SMS" />
17-->src/main/AndroidManifest.xml:11:5-67
17-->src/main/AndroidManifest.xml:11:22-64
18    <uses-permission android:name="android.permission.RECEIVE_MMS" />
18-->src/main/AndroidManifest.xml:12:5-70
18-->src/main/AndroidManifest.xml:12:22-67
19    <uses-permission android:name="android.permission.RECEIVE_WAP_PUSH" />
19-->src/main/AndroidManifest.xml:13:5-75
19-->src/main/AndroidManifest.xml:13:22-72
20    <uses-permission android:name="android.permission.READ_CONTACTS" />
20-->src/main/AndroidManifest.xml:14:5-72
20-->src/main/AndroidManifest.xml:14:22-69
21    <uses-permission android:name="android.permission.POST_NOTIFICATIONS" />
21-->src/main/AndroidManifest.xml:15:5-77
21-->src/main/AndroidManifest.xml:15:22-74
22    <uses-permission android:name="android.permission.FOREGROUND_SERVICE" />
22-->src/main/AndroidManifest.xml:16:5-77
22-->src/main/AndroidManifest.xml:16:22-74
23    <uses-permission android:name="android.permission.FOREGROUND_SERVICE_DATA_SYNC" />
23-->src/main/AndroidManifest.xml:17:5-87
23-->src/main/AndroidManifest.xml:17:22-84
24    <uses-permission android:name="android.permission.WAKE_LOCK" />
24-->[androidx.work:work-runtime:2.10.0] AndroidManifest.xml:23:5-68
24-->[androidx.work:work-runtime:2.10.0] AndroidManifest.xml:23:22-65
25    <uses-permission android:name="android.permission.ACCESS_NETWORK_STATE" />
25-->[androidx.work:work-runtime:2.10.0] AndroidManifest.xml:24:5-79
25-->[androidx.work:work-runtime:2.10.0] AndroidManifest.xml:24:22-76
26    <uses-permission android:name="android.permission.RECEIVE_BOOT_COMPLETED" />
26-->[androidx.work:work-runtime:2.10.0] AndroidManifest.xml:25:5-81
26-->[androidx.work:work-runtime:2.10.0] AndroidManifest.xml:25:22-78
27
28    <permission
28-->[androidx.core:core:1.15.0] AndroidManifest.xml:22:5-24:47
29        android:name="com.smscleaner.app.DYNAMIC_RECEIVER_NOT_EXPORTED_PERMISSION"
29-->[androidx.core:core:1.15.0] AndroidManifest.xml:23:9-81
30        android:protectionLevel="signature" />
30-->[androidx.core:core:1.15.0] AndroidManifest.xml:24:9-44
31
32    <uses-permission android:name="com.smscleaner.app.DYNAMIC_RECEIVER_NOT_EXPORTED_PERMISSION" />
32-->[androidx.core:core:1.15.0] AndroidManifest.xml:26:5-97
32-->[androidx.core:core:1.15.0] AndroidManifest.xml:26:22-94
33
34    <application
34-->src/main/AndroidManifest.xml:19:5-90:19
35        android:name="com.smscleaner.app.SMSCleanerApplication"
35-->src/main/AndroidManifest.xml:20:9-46
36        android:allowBackup="false"
36-->src/main/AndroidManifest.xml:21:9-36
37        android:appComponentFactory="androidx.core.app.CoreComponentFactory"
37-->[androidx.core:core:1.15.0] AndroidManifest.xml:28:18-86
38        android:debuggable="true"
39        android:extractNativeLibs="false"
40        android:icon="@mipmap/ic_launcher"
40-->src/main/AndroidManifest.xml:22:9-43
41        android:label="@string/app_name"
41-->src/main/AndroidManifest.xml:23:9-41
42        android:roundIcon="@mipmap/ic_launcher_round"
42-->src/main/AndroidManifest.xml:24:9-54
43        android:supportsRtl="true"
43-->src/main/AndroidManifest.xml:25:9-35
44        android:theme="@style/Theme.SMSCleaner" >
44-->src/main/AndroidManifest.xml:26:9-48
45        <activity
45-->src/main/AndroidManifest.xml:28:9-35:20
46            android:name="com.smscleaner.app.MainActivity"
46-->src/main/AndroidManifest.xml:29:13-41
47            android:exported="true" >
47-->src/main/AndroidManifest.xml:30:13-36
48            <intent-filter>
48-->src/main/AndroidManifest.xml:31:13-34:29
49                <action android:name="android.intent.action.MAIN" />
49-->src/main/AndroidManifest.xml:32:17-69
49-->src/main/AndroidManifest.xml:32:25-66
50
51                <category android:name="android.intent.category.LAUNCHER" />
51-->src/main/AndroidManifest.xml:33:17-77
51-->src/main/AndroidManifest.xml:33:27-74
52            </intent-filter>
53        </activity>
54        <activity
54-->src/main/AndroidManifest.xml:37:9-50:20
55            android:name="com.smscleaner.app.activity.ComposeSmsActivity"
55-->src/main/AndroidManifest.xml:38:13-56
56            android:exported="true" >
56-->src/main/AndroidManifest.xml:39:13-36
57            <intent-filter>
57-->src/main/AndroidManifest.xml:40:13-49:29
58                <action android:name="android.intent.action.SEND" />
58-->src/main/AndroidManifest.xml:41:17-69
58-->src/main/AndroidManifest.xml:41:25-66
59                <action android:name="android.intent.action.SENDTO" />
59-->src/main/AndroidManifest.xml:42:17-71
59-->src/main/AndroidManifest.xml:42:25-68
60
61                <category android:name="android.intent.category.DEFAULT" />
61-->src/main/AndroidManifest.xml:43:17-76
61-->src/main/AndroidManifest.xml:43:27-73
62                <category android:name="android.intent.category.BROWSABLE" />
62-->src/main/AndroidManifest.xml:44:17-78
62-->src/main/AndroidManifest.xml:44:27-75
63
64                <data android:scheme="sms" />
64-->src/main/AndroidManifest.xml:45:17-46
64-->src/main/AndroidManifest.xml:45:23-43
65                <data android:scheme="smsto" />
65-->src/main/AndroidManifest.xml:45:17-46
65-->src/main/AndroidManifest.xml:45:23-43
66                <data android:scheme="mms" />
66-->src/main/AndroidManifest.xml:45:17-46
66-->src/main/AndroidManifest.xml:45:23-43
67                <data android:scheme="mmsto" />
67-->src/main/AndroidManifest.xml:45:17-46
67-->src/main/AndroidManifest.xml:45:23-43
68            </intent-filter>
69        </activity>
70
71        <receiver
71-->src/main/AndroidManifest.xml:52:9-59:20
72            android:name="com.smscleaner.app.receiver.SmsReceiver"
72-->src/main/AndroidManifest.xml:53:13-49
73            android:exported="true"
73-->src/main/AndroidManifest.xml:54:13-36
74            android:permission="android.permission.BROADCAST_SMS" >
74-->src/main/AndroidManifest.xml:55:13-66
75            <intent-filter>
75-->src/main/AndroidManifest.xml:56:13-58:29
76                <action android:name="android.provider.Telephony.SMS_DELIVER" />
76-->src/main/AndroidManifest.xml:57:17-81
76-->src/main/AndroidManifest.xml:57:25-78
77            </intent-filter>
78        </receiver>
79        <receiver
79-->src/main/AndroidManifest.xml:61:9-69:20
80            android:name="com.smscleaner.app.receiver.MmsReceiver"
80-->src/main/AndroidManifest.xml:62:13-49
81            android:exported="true"
81-->src/main/AndroidManifest.xml:63:13-36
82            android:permission="android.permission.BROADCAST_WAP_PUSH" >
82-->src/main/AndroidManifest.xml:64:13-71
83            <intent-filter>
83-->src/main/AndroidManifest.xml:65:13-68:29
84                <action android:name="android.provider.Telephony.WAP_PUSH_DELIVER" />
84-->src/main/AndroidManifest.xml:66:17-86
84-->src/main/AndroidManifest.xml:66:25-83
85
86                <data android:mimeType="application/vnd.wap.mms-message" />
86-->src/main/AndroidManifest.xml:45:17-46
86-->src/main/AndroidManifest.xml:67:23-73
87            </intent-filter>
88        </receiver>
89
90        <service
90-->src/main/AndroidManifest.xml:71:9-83:19
91            android:name="com.smscleaner.app.service.HeadlessSmsSendService"
91-->src/main/AndroidManifest.xml:72:13-59
92            android:exported="true"
92-->src/main/AndroidManifest.xml:73:13-36
93            android:permission="android.permission.SEND_RESPOND_VIA_MESSAGE" >
93-->src/main/AndroidManifest.xml:74:13-77
94            <intent-filter>
94-->src/main/AndroidManifest.xml:75:13-82:29
95                <action android:name="android.intent.action.RESPOND_VIA_MESSAGE" />
95-->src/main/AndroidManifest.xml:76:17-84
95-->src/main/AndroidManifest.xml:76:25-81
96
97                <category android:name="android.intent.category.DEFAULT" />
97-->src/main/AndroidManifest.xml:43:17-76
97-->src/main/AndroidManifest.xml:43:27-73
98
99                <data android:scheme="sms" />
99-->src/main/AndroidManifest.xml:45:17-46
99-->src/main/AndroidManifest.xml:45:23-43
100                <data android:scheme="smsto" />
100-->src/main/AndroidManifest.xml:45:17-46
100-->src/main/AndroidManifest.xml:45:23-43
101                <data android:scheme="mms" />
101-->src/main/AndroidManifest.xml:45:17-46
101-->src/main/AndroidManifest.xml:45:23-43
102                <data android:scheme="mmsto" />
102-->src/main/AndroidManifest.xml:45:17-46
102-->src/main/AndroidManifest.xml:45:23-43
103            </intent-filter>
104        </service>
105        <service
105-->src/main/AndroidManifest.xml:85:9-88:34
106            android:name="androidx.work.impl.foreground.SystemForegroundService"
106-->src/main/AndroidManifest.xml:86:13-81
107            android:directBootAware="false"
107-->[androidx.work:work-runtime:2.10.0] AndroidManifest.xml:55:13-44
108            android:enabled="@bool/enable_system_foreground_service_default"
108-->[androidx.work:work-runtime:2.10.0] AndroidManifest.xml:56:13-77
109            android:exported="false"
109-->[androidx.work:work-runtime:2.10.0] AndroidManifest.xml:57:13-37
110            android:foregroundServiceType="dataSync" />
110-->src/main/AndroidManifest.xml:87:13-53
111
112        <provider
112-->[androidx.emoji2:emoji2:1.3.0] AndroidManifest.xml:24:9-32:20
113            android:name="androidx.startup.InitializationProvider"
113-->[androidx.emoji2:emoji2:1.3.0] AndroidManifest.xml:25:13-67
114            android:authorities="com.smscleaner.app.androidx-startup"
114-->[androidx.emoji2:emoji2:1.3.0] AndroidManifest.xml:26:13-68
115            android:exported="false" >
115-->[androidx.emoji2:emoji2:1.3.0] AndroidManifest.xml:27:13-37
116            <meta-data
116-->[androidx.emoji2:emoji2:1.3.0] AndroidManifest.xml:29:13-31:52
117                android:name="androidx.emoji2.text.EmojiCompatInitializer"
117-->[androidx.emoji2:emoji2:1.3.0] AndroidManifest.xml:30:17-75
118                android:value="androidx.startup" />
118-->[androidx.emoji2:emoji2:1.3.0] AndroidManifest.xml:31:17-49
119            <meta-data
119-->[androidx.work:work-runtime:2.10.0] AndroidManifest.xml:34:13-36:52
120                android:name="androidx.work.WorkManagerInitializer"
120-->[androidx.work:work-runtime:2.10.0] AndroidManifest.xml:35:17-68
121                android:value="androidx.startup" />
121-->[androidx.work:work-runtime:2.10.0] AndroidManifest.xml:36:17-49
122            <meta-data
122-->[androidx.lifecycle:lifecycle-process:2.8.7] AndroidManifest.xml:29:13-31:52
123                android:name="androidx.lifecycle.ProcessLifecycleInitializer"
123-->[androidx.lifecycle:lifecycle-process:2.8.7] AndroidManifest.xml:30:17-78
124                android:value="androidx.startup" />
124-->[androidx.lifecycle:lifecycle-process:2.8.7] AndroidManifest.xml:31:17-49
125            <meta-data
125-->[androidx.profileinstaller:profileinstaller:1.4.0] AndroidManifest.xml:29:13-31:52
126                android:name="androidx.profileinstaller.ProfileInstallerInitializer"
126-->[androidx.profileinstaller:profileinstaller:1.4.0] AndroidManifest.xml:30:17-85
127                android:value="androidx.startup" />
127-->[androidx.profileinstaller:profileinstaller:1.4.0] AndroidManifest.xml:31:17-49
128        </provider>
129
130        <service
130-->[androidx.work:work-runtime:2.10.0] AndroidManifest.xml:39:9-45:35
131            android:name="androidx.work.impl.background.systemalarm.SystemAlarmService"
131-->[androidx.work:work-runtime:2.10.0] AndroidManifest.xml:40:13-88
132            android:directBootAware="false"
132-->[androidx.work:work-runtime:2.10.0] AndroidManifest.xml:41:13-44
133            android:enabled="@bool/enable_system_alarm_service_default"
133-->[androidx.work:work-runtime:2.10.0] AndroidManifest.xml:42:13-72
134            android:exported="false" />
134-->[androidx.work:work-runtime:2.10.0] AndroidManifest.xml:43:13-37
135        <service
135-->[androidx.work:work-runtime:2.10.0] AndroidManifest.xml:46:9-52:35
136            android:name="androidx.work.impl.background.systemjob.SystemJobService"
136-->[androidx.work:work-runtime:2.10.0] AndroidManifest.xml:47:13-84
137            android:directBootAware="false"
137-->[androidx.work:work-runtime:2.10.0] AndroidManifest.xml:48:13-44
138            android:enabled="@bool/enable_system_job_service_default"
138-->[androidx.work:work-runtime:2.10.0] AndroidManifest.xml:49:13-70
139            android:exported="true"
139-->[androidx.work:work-runtime:2.10.0] AndroidManifest.xml:50:13-36
140            android:permission="android.permission.BIND_JOB_SERVICE" />
140-->[androidx.work:work-runtime:2.10.0] AndroidManifest.xml:51:13-69
141
142        <receiver
142-->[androidx.work:work-runtime:2.10.0] AndroidManifest.xml:61:9-66:35
143            android:name="androidx.work.impl.utils.ForceStopRunnable$BroadcastReceiver"
143-->[androidx.work:work-runtime:2.10.0] AndroidManifest.xml:62:13-88
144            android:directBootAware="false"
144-->[androidx.work:work-runtime:2.10.0] AndroidManifest.xml:63:13-44
145            android:enabled="true"
145-->[androidx.work:work-runtime:2.10.0] AndroidManifest.xml:64:13-35
146            android:exported="false" />
146-->[androidx.work:work-runtime:2.10.0] AndroidManifest.xml:65:13-37
147        <receiver
147-->[androidx.work:work-runtime:2.10.0] AndroidManifest.xml:67:9-77:20
148            android:name="androidx.work.impl.background.systemalarm.ConstraintProxy$BatteryChargingProxy"
148-->[androidx.work:work-runtime:2.10.0] AndroidManifest.xml:68:13-106
149            android:directBootAware="false"
149-->[androidx.work:work-runtime:2.10.0] AndroidManifest.xml:69:13-44
150            android:enabled="false"
150-->[androidx.work:work-runtime:2.10.0] AndroidManifest.xml:70:13-36
151            android:exported="false" >
151-->[androidx.work:work-runtime:2.10.0] AndroidManifest.xml:71:13-37
152            <intent-filter>
152-->[androidx.work:work-runtime:2.10.0] AndroidManifest.xml:73:13-76:29
153                <action android:name="android.intent.action.ACTION_POWER_CONNECTED" />
153-->[androidx.work:work-runtime:2.10.0] AndroidManifest.xml:74:17-87
153-->[androidx.work:work-runtime:2.10.0] AndroidManifest.xml:74:25-84
154                <action android:name="android.intent.action.ACTION_POWER_DISCONNECTED" />
154-->[androidx.work:work-runtime:2.10.0] AndroidManifest.xml:75:17-90
154-->[androidx.work:work-runtime:2.10.0] AndroidManifest.xml:75:25-87
155            </intent-filter>
156        </receiver>
157        <receiver
157-->[androidx.work:work-runtime:2.10.0] AndroidManifest.xml:78:9-88:20
158            android:name="androidx.work.impl.background.systemalarm.ConstraintProxy$BatteryNotLowProxy"
158-->[androidx.work:work-runtime:2.10.0] AndroidManifest.xml:79:13-104
159            android:directBootAware="false"
159-->[androidx.work:work-runtime:2.10.0] AndroidManifest.xml:80:13-44
160            android:enabled="false"
160-->[androidx.work:work-runtime:2.10.0] AndroidManifest.xml:81:13-36
161            android:exported="false" >
161-->[androidx.work:work-runtime:2.10.0] AndroidManifest.xml:82:13-37
162            <intent-filter>
162-->[androidx.work:work-runtime:2.10.0] AndroidManifest.xml:84:13-87:29
163                <action android:name="android.intent.action.BATTERY_OKAY" />
163-->[androidx.work:work-runtime:2.10.0] AndroidManifest.xml:85:17-77
163-->[androidx.work:work-runtime:2.10.0] AndroidManifest.xml:85:25-74
164                <action android:name="android.intent.action.BATTERY_LOW" />
164-->[androidx.work:work-runtime:2.10.0] AndroidManifest.xml:86:17-76
164-->[androidx.work:work-runtime:2.10.0] AndroidManifest.xml:86:25-73
165            </intent-filter>
166        </receiver>
167        <receiver
167-->[androidx.work:work-runtime:2.10.0] AndroidManifest.xml:89:9-99:20
168            android:name="androidx.work.impl.background.systemalarm.ConstraintProxy$StorageNotLowProxy"
168-->[androidx.work:work-runtime:2.10.0] AndroidManifest.xml:90:13-104
169            android:directBootAware="false"
169-->[androidx.work:work-runtime:2.10.0] AndroidManifest.xml:91:13-44
170            android:enabled="false"
170-->[androidx.work:work-runtime:2.10.0] AndroidManifest.xml:92:13-36
171            android:exported="false" >
171-->[androidx.work:work-runtime:2.10.0] AndroidManifest.xml:93:13-37
172            <intent-filter>
172-->[androidx.work:work-runtime:2.10.0] AndroidManifest.xml:95:13-98:29
173                <action android:name="android.intent.action.DEVICE_STORAGE_LOW" />
173-->[androidx.work:work-runtime:2.10.0] AndroidManifest.xml:96:17-83
173-->[androidx.work:work-runtime:2.10.0] AndroidManifest.xml:96:25-80
174                <action android:name="android.intent.action.DEVICE_STORAGE_OK" />
174-->[androidx.work:work-runtime:2.10.0] AndroidManifest.xml:97:17-82
174-->[androidx.work:work-runtime:2.10.0] AndroidManifest.xml:97:25-79
175            </intent-filter>
176        </receiver>
177        <receiver
177-->[androidx.work:work-runtime:2.10.0] AndroidManifest.xml:100:9-109:20
178            android:name="androidx.work.impl.background.systemalarm.ConstraintProxy$NetworkStateProxy"
178-->[androidx.work:work-runtime:2.10.0] AndroidManifest.xml:101:13-103
179            android:directBootAware="false"
179-->[androidx.work:work-runtime:2.10.0] AndroidManifest.xml:102:13-44
180            android:enabled="false"
180-->[androidx.work:work-runtime:2.10.0] AndroidManifest.xml:103:13-36
181            android:exported="false" >
181-->[androidx.work:work-runtime:2.10.0] AndroidManifest.xml:104:13-37
182            <intent-filter>
182-->[androidx.work:work-runtime:2.10.0] AndroidManifest.xml:106:13-108:29
183                <action android:name="android.net.conn.CONNECTIVITY_CHANGE" />
183-->[androidx.work:work-runtime:2.10.0] AndroidManifest.xml:107:17-79
183-->[androidx.work:work-runtime:2.10.0] AndroidManifest.xml:107:25-76
184            </intent-filter>
185        </receiver>
186        <receiver
186-->[androidx.work:work-runtime:2.10.0] AndroidManifest.xml:110:9-121:20
187            android:name="androidx.work.impl.background.systemalarm.RescheduleReceiver"
187-->[androidx.work:work-runtime:2.10.0] AndroidManifest.xml:111:13-88
188            android:directBootAware="false"
188-->[androidx.work:work-runtime:2.10.0] AndroidManifest.xml:112:13-44
189            android:enabled="false"
189-->[androidx.work:work-runtime:2.10.0] AndroidManifest.xml:113:13-36
190            android:exported="false" >
190-->[androidx.work:work-runtime:2.10.0] AndroidManifest.xml:114:13-37
191            <intent-filter>
191-->[androidx.work:work-runtime:2.10.0] AndroidManifest.xml:116:13-120:29
192                <action android:name="android.intent.action.BOOT_COMPLETED" />
192-->[androidx.work:work-runtime:2.10.0] AndroidManifest.xml:117:17-79
192-->[androidx.work:work-runtime:2.10.0] AndroidManifest.xml:117:25-76
193                <action android:name="android.intent.action.TIME_SET" />
193-->[androidx.work:work-runtime:2.10.0] AndroidManifest.xml:118:17-73
193-->[androidx.work:work-runtime:2.10.0] AndroidManifest.xml:118:25-70
194                <action android:name="android.intent.action.TIMEZONE_CHANGED" />
194-->[androidx.work:work-runtime:2.10.0] AndroidManifest.xml:119:17-81
194-->[androidx.work:work-runtime:2.10.0] AndroidManifest.xml:119:25-78
195            </intent-filter>
196        </receiver>
197        <receiver
197-->[androidx.work:work-runtime:2.10.0] AndroidManifest.xml:122:9-131:20
198            android:name="androidx.work.impl.background.systemalarm.ConstraintProxyUpdateReceiver"
198-->[androidx.work:work-runtime:2.10.0] AndroidManifest.xml:123:13-99
199            android:directBootAware="false"
199-->[androidx.work:work-runtime:2.10.0] AndroidManifest.xml:124:13-44
200            android:enabled="@bool/enable_system_alarm_service_default"
200-->[androidx.work:work-runtime:2.10.0] AndroidManifest.xml:125:13-72
201            android:exported="false" >
201-->[androidx.work:work-runtime:2.10.0] AndroidManifest.xml:126:13-37
202            <intent-filter>
202-->[androidx.work:work-runtime:2.10.0] AndroidManifest.xml:128:13-130:29
203                <action android:name="androidx.work.impl.background.systemalarm.UpdateProxies" />
203-->[androidx.work:work-runtime:2.10.0] AndroidManifest.xml:129:17-98
203-->[androidx.work:work-runtime:2.10.0] AndroidManifest.xml:129:25-95
204            </intent-filter>
205        </receiver>
206        <receiver
206-->[androidx.work:work-runtime:2.10.0] AndroidManifest.xml:132:9-142:20
207            android:name="androidx.work.impl.diagnostics.DiagnosticsReceiver"
207-->[androidx.work:work-runtime:2.10.0] AndroidManifest.xml:133:13-78
208            android:directBootAware="false"
208-->[androidx.work:work-runtime:2.10.0] AndroidManifest.xml:134:13-44
209            android:enabled="true"
209-->[androidx.work:work-runtime:2.10.0] AndroidManifest.xml:135:13-35
210            android:exported="true"
210-->[androidx.work:work-runtime:2.10.0] AndroidManifest.xml:136:13-36
211            android:permission="android.permission.DUMP" >
211-->[androidx.work:work-runtime:2.10.0] AndroidManifest.xml:137:13-57
212            <intent-filter>
212-->[androidx.work:work-runtime:2.10.0] AndroidManifest.xml:139:13-141:29
213                <action android:name="androidx.work.diagnostics.REQUEST_DIAGNOSTICS" />
213-->[androidx.work:work-runtime:2.10.0] AndroidManifest.xml:140:17-88
213-->[androidx.work:work-runtime:2.10.0] AndroidManifest.xml:140:25-85
214            </intent-filter>
215        </receiver>
216
217        <service
217-->[androidx.room:room-runtime:2.6.1] AndroidManifest.xml:24:9-28:63
218            android:name="androidx.room.MultiInstanceInvalidationService"
218-->[androidx.room:room-runtime:2.6.1] AndroidManifest.xml:25:13-74
219            android:directBootAware="true"
219-->[androidx.room:room-runtime:2.6.1] AndroidManifest.xml:26:13-43
220            android:exported="false" />
220-->[androidx.room:room-runtime:2.6.1] AndroidManifest.xml:27:13-37
221
222        <receiver
222-->[androidx.profileinstaller:profileinstaller:1.4.0] AndroidManifest.xml:34:9-52:20
223            android:name="androidx.profileinstaller.ProfileInstallReceiver"
223-->[androidx.profileinstaller:profileinstaller:1.4.0] AndroidManifest.xml:35:13-76
224            android:directBootAware="false"
224-->[androidx.profileinstaller:profileinstaller:1.4.0] AndroidManifest.xml:36:13-44
225            android:enabled="true"
225-->[androidx.profileinstaller:profileinstaller:1.4.0] AndroidManifest.xml:37:13-35
226            android:exported="true"
226-->[androidx.profileinstaller:profileinstaller:1.4.0] AndroidManifest.xml:38:13-36
227            android:permission="android.permission.DUMP" >
227-->[androidx.profileinstaller:profileinstaller:1.4.0] AndroidManifest.xml:39:13-57
228            <intent-filter>
228-->[androidx.profileinstaller:profileinstaller:1.4.0] AndroidManifest.xml:40:13-42:29
229                <action android:name="androidx.profileinstaller.action.INSTALL_PROFILE" />
229-->[androidx.profileinstaller:profileinstaller:1.4.0] AndroidManifest.xml:41:17-91
229-->[androidx.profileinstaller:profileinstaller:1.4.0] AndroidManifest.xml:41:25-88
230            </intent-filter>
231            <intent-filter>
231-->[androidx.profileinstaller:profileinstaller:1.4.0] AndroidManifest.xml:43:13-45:29
232                <action android:name="androidx.profileinstaller.action.SKIP_FILE" />
232-->[androidx.profileinstaller:profileinstaller:1.4.0] AndroidManifest.xml:44:17-85
232-->[androidx.profileinstaller:profileinstaller:1.4.0] AndroidManifest.xml:44:25-82
233            </intent-filter>
234            <intent-filter>
234-->[androidx.profileinstaller:profileinstaller:1.4.0] AndroidManifest.xml:46:13-48:29
235                <action android:name="androidx.profileinstaller.action.SAVE_PROFILE" />
235-->[androidx.profileinstaller:profileinstaller:1.4.0] AndroidManifest.xml:47:17-88
235-->[androidx.profileinstaller:profileinstaller:1.4.0] AndroidManifest.xml:47:25-85
236            </intent-filter>
237            <intent-filter>
237-->[androidx.profileinstaller:profileinstaller:1.4.0] AndroidManifest.xml:49:13-51:29
238                <action android:name="androidx.profileinstaller.action.BENCHMARK_OPERATION" />
238-->[androidx.profileinstaller:profileinstaller:1.4.0] AndroidManifest.xml:50:17-95
238-->[androidx.profileinstaller:profileinstaller:1.4.0] AndroidManifest.xml:50:25-92
239            </intent-filter>
240        </receiver>
241    </application>
242
243</manifest>